\BOOKMARK [1][-]{section.1}{Introdu\347\343o}{}
\BOOKMARK [1][-]{section.2}{Instala\347\365es}{}
\BOOKMARK [2][-]{subsection.2.1}{Procedimento}{section.2}
\BOOKMARK [3][-]{subsubsection.2.1.1}{Kerberos}{subsection.2.1}
\BOOKMARK [3][-]{subsubsection.2.1.2}{OpenLDAP}{subsection.2.1}
\BOOKMARK [3][-]{subsubsection.2.1.3}{CUPS}{subsection.2.1}
\BOOKMARK [3][-]{subsubsection.2.1.4}{SAMBA}{subsection.2.1}
\BOOKMARK [1][-]{section.3}{Configura\347\365es}{}
\BOOKMARK [2][-]{subsection.3.1}{Kerberos}{section.3}
\BOOKMARK [2][-]{subsection.3.2}{WinBind e NS}{section.3}
\BOOKMARK [2][-]{subsection.3.3}{Samba}{section.3}
\BOOKMARK [2][-]{subsection.3.4}{AuthConfig}{section.3}
\BOOKMARK [2][-]{subsection.3.5}{Hosts e DNS}{section.3}
\BOOKMARK [3][-]{subsubsection.3.5.1}{Hosts}{subsection.3.5}
\BOOKMARK [3][-]{subsubsection.3.5.2}{resolv.conf - DNS}{subsection.3.5}
\BOOKMARK [1][-]{section.4}{Iniciar servi\347os}{}
\BOOKMARK [1][-]{section.5}{Trabalhando em rede}{}
\BOOKMARK [2][-]{subsection.5.1}{Net ADS join}{section.5}
\BOOKMARK [2][-]{subsection.5.2}{smbclient}{section.5}
\BOOKMARK [1][-]{section.6}{Montar/Mapear a m\341quina arquiteto}{}
